ERROR :2020-12-15 08:27:55,657 :/mnt/c/Users/IITIA/Documents/djnago-project/NotesKeepingApp/account/views.py :88 :140485561616128  :Thread-1 :8530 :error: {'email': [ErrorDetail(string='user with this email already exists.', code='unique')]} 
ERROR :2020-12-15 08:28:47,752 :/mnt/c/Users/IITIA/Documents/djnago-project/NotesKeepingApp/account/views.py :88 :140683796743936  :Thread-1 :8654 :error: {'email': [ErrorDetail(string='user with this email already exists.', code='unique')]} 
ERROR :2020-12-15 08:29:12,134 :/mnt/c/Users/IITIA/Documents/djnago-project/NotesKeepingApp/account/views.py :88 :140479282284288  :Thread-1 :8703 :error: {'email': [ErrorDetail(string='user with this email already exists.', code='unique')]} 
ERROR :2020-12-15 08:29:56,555 :/mnt/c/Users/IITIA/Documents/djnago-project/NotesKeepingApp/account/views.py :88 :139686937822976  :Thread-1 :8776 :error: {'email': [ErrorDetail(string='user with this email already exists.', code='unique')]} 
ERROR :2020-12-15 08:30:19,479 :/mnt/c/Users/IITIA/Documents/djnago-project/NotesKeepingApp/account/views.py :88 :139686937822976  :Thread-1 :8776 :error: {'email': [ErrorDetail(string='user with this email already exists.', code='unique')]} 
ERROR :2020-12-15 08:30:21,179 :/mnt/c/Users/IITIA/Documents/djnago-project/NotesKeepingApp/account/views.py :88 :139686937822976  :Thread-1 :8776 :error: {'email': [ErrorDetail(string='user with this email already exists.', code='unique')]} 
ERROR :2020-12-15 08:30:22,226 :/mnt/c/Users/IITIA/Documents/djnago-project/NotesKeepingApp/account/views.py :88 :139686937822976  :Thread-1 :8776 :error: {'email': [ErrorDetail(string='user with this email already exists.', code='unique')]} 
ERROR :2020-12-15 08:30:22,789 :/mnt/c/Users/IITIA/Documents/djnago-project/NotesKeepingApp/account/views.py :88 :139686937822976  :Thread-1 :8776 :error: {'email': [ErrorDetail(string='user with this email already exists.', code='unique')]} 
ERROR :2020-12-15 08:30:23,459 :/mnt/c/Users/IITIA/Documents/djnago-project/NotesKeepingApp/account/views.py :88 :139686937822976  :Thread-1 :8776 :error: {'email': [ErrorDetail(string='user with this email already exists.', code='unique')]} 
ERROR :2020-12-15 08:30:50,998 :/mnt/c/Users/IITIA/Documents/djnago-project/NotesKeepingApp/account/views.py :126 :139686937822976  :Thread-1 :8776 :error: Signature has expired 
ERROR :2020-12-15 08:31:34,968 :/mnt/c/Users/IITIA/Documents/djnago-project/NotesKeepingApp/account/views.py :126 :139954995529472  :Thread-1 :8943 :error: Signature has expired 
ERROR :2020-12-15 08:31:36,490 :/mnt/c/Users/IITIA/Documents/djnago-project/NotesKeepingApp/account/views.py :126 :139954995529472  :Thread-1 :8943 :error: Signature has expired 
ERROR :2020-12-15 08:31:52,428 :/mnt/c/Users/IITIA/Documents/djnago-project/NotesKeepingApp/account/views.py :125 :139694077708032  :Thread-1 :8976 :error: Signature has expired 
ERROR :2020-12-15 08:47:17,409 :/mnt/c/Users/IITIA/Documents/djnago-project/NotesKeepingApp/account/views.py :88 :140357263427328  :Thread-9 :9236 :error: {'email': [ErrorDetail(string='user with this email already exists.', code='unique')]} 
ERROR :2020-12-15 08:47:18,330 :/mnt/c/Users/IITIA/Documents/djnago-project/NotesKeepingApp/account/views.py :88 :140357263427328  :Thread-9 :9236 :error: {'email': [ErrorDetail(string='user with this email already exists.', code='unique')]} 
ERROR :2020-12-15 08:47:19,034 :/mnt/c/Users/IITIA/Documents/djnago-project/NotesKeepingApp/account/views.py :88 :140357263427328  :Thread-9 :9236 :error: {'email': [ErrorDetail(string='user with this email already exists.', code='unique')]} 
ERROR :2020-12-15 08:47:19,623 :/mnt/c/Users/IITIA/Documents/djnago-project/NotesKeepingApp/account/views.py :88 :140357263427328  :Thread-9 :9236 :error: {'email': [ErrorDetail(string='user with this email already exists.', code='unique')]} 
ERROR :2020-12-15 08:47:20,102 :/mnt/c/Users/IITIA/Documents/djnago-project/NotesKeepingApp/account/views.py :88 :140357263427328  :Thread-9 :9236 :error: {'email': [ErrorDetail(string='user with this email already exists.', code='unique')]} 
ERROR :2020-12-15 08:47:20,535 :/mnt/c/Users/IITIA/Documents/djnago-project/NotesKeepingApp/account/views.py :88 :140357263427328  :Thread-9 :9236 :error: {'email': [ErrorDetail(string='user with this email already exists.', code='unique')]} 
ERROR :2020-12-15 08:47:22,525 :/mnt/c/Users/IITIA/Documents/djnago-project/NotesKeepingApp/account/views.py :88 :140357263427328  :Thread-9 :9236 :error: {'email': [ErrorDetail(string='user with this email already exists.', code='unique')]} 
ERROR :2020-12-15 08:47:23,207 :/mnt/c/Users/IITIA/Documents/djnago-project/NotesKeepingApp/account/views.py :88 :140357263427328  :Thread-9 :9236 :error: {'email': [ErrorDetail(string='user with this email already exists.', code='unique')]} 
ERROR :2020-12-15 08:47:23,688 :/mnt/c/Users/IITIA/Documents/djnago-project/NotesKeepingApp/account/views.py :88 :140357263427328  :Thread-9 :9236 :error: {'email': [ErrorDetail(string='user with this email already exists.', code='unique')]} 
ERROR :2020-12-15 08:49:29,652 :/mnt/c/Users/IITIA/Documents/djnago-project/NotesKeepingApp/account/views.py :90 :140029536175872  :Thread-1 :10637 :error: {'email': [ErrorDetail(string='user with this email already exists.', code='unique')]} 
ERROR :2020-12-19 06:03:10,636 :/mnt/c/Users/IITIA/Documents/djnago-project/NotesKeepingApp/account/views.py :91 :140578440283904  :Thread-1 :31398 :error: {'username': [ErrorDetail(string='The username should only contain alphanumeric characters', code='invalid')]} 
ERROR :2020-12-21 03:48:36,442 :/mnt/c/Users/IITIA/Documents/djnago-project/NotesKeepingApp/account/views.py :91 :139950887077696  :MainThread :1597 :error: {'password': [ErrorDetail(string='This field is required.', code='required')]} 
ERROR :2020-12-21 03:49:46,331 :/mnt/c/Users/IITIA/Documents/djnago-project/NotesKeepingApp/account/views.py :91 :140171615995712  :MainThread :1711 :error: {'email': [ErrorDetail(string='Enter a valid email address.', code='invalid')], 'password': [ErrorDetail(string='This field is required.', code='required')]} 
ERROR :2020-12-21 03:50:09,842 :/mnt/c/Users/IITIA/Documents/djnago-project/NotesKeepingApp/account/views.py :91 :140130334345024  :MainThread :1753 :error: {'email': [ErrorDetail(string='Enter a valid email address.', code='invalid')], 'password': [ErrorDetail(string='This field is required.', code='required')]} 
ERROR :2020-12-21 04:17:54,659 :/mnt/c/Users/IITIA/Documents/djnago-project/NotesKeepingApp/account/views.py :91 :140444922152768  :MainThread :4265 :error: {'non_field_errors': [ErrorDetail(string='Invalid data. Expected a dictionary, but got list.', code='invalid')]} 
ERROR :2020-12-21 04:21:27,253 :/mnt/c/Users/IITIA/Documents/djnago-project/NotesKeepingApp/account/views.py :91 :139987987269376  :Thread-1 :1334 :error: {'first_name': [ErrorDetail(string='This field may not be blank.', code='blank')], 'last_name': [ErrorDetail(string='This field may not be blank.', code='blank')], 'email': [ErrorDetail(string='This field may not be blank.', code='blank')], 'password': [ErrorDetail(string='This field may not be blank.', code='blank')]} 
ERROR :2020-12-21 04:21:44,963 :/mnt/c/Users/IITIA/Documents/djnago-project/NotesKeepingApp/account/views.py :91 :139987987269376  :Thread-1 :1334 :error: {'first_name': [ErrorDetail(string='This field may not be blank.', code='blank')], 'last_name': [ErrorDetail(string='This field may not be blank.', code='blank')], 'email': [ErrorDetail(string='This field may not be blank.', code='blank')], 'password': [ErrorDetail(string='This field may not be blank.', code='blank')]} 
ERROR :2020-12-21 04:22:24,420 :/mnt/c/Users/IITIA/Documents/djnago-project/NotesKeepingApp/account/views.py :91 :139987987269376  :Thread-1 :1334 :error: {'first_name': [ErrorDetail(string='This field may not be blank.', code='blank')], 'last_name': [ErrorDetail(string='This field may not be blank.', code='blank')], 'email': [ErrorDetail(string='This field may not be blank.', code='blank')], 'password': [ErrorDetail(string='This field may not be blank.', code='blank')]} 
ERROR :2020-12-21 04:23:04,460 :/mnt/c/Users/IITIA/Documents/djnago-project/NotesKeepingApp/account/views.py :91 :140000772491072  :MainThread :4750 :error: {'email': [ErrorDetail(string='Enter a valid email address.', code='invalid')], 'password': [ErrorDetail(string='This field is required.', code='required')]} 
ERROR :2020-12-21 04:24:00,186 :/mnt/c/Users/IITIA/Documents/djnago-project/NotesKeepingApp/account/views.py :91 :140111787919168  :MainThread :4842 :error: {'email': [ErrorDetail(string='Enter a valid email address.', code='invalid')], 'password': [ErrorDetail(string='This field is required.', code='required')]} 
ERROR :2020-12-21 04:24:31,760 :/mnt/c/Users/IITIA/Documents/djnago-project/NotesKeepingApp/account/views.py :91 :139729435559744  :MainThread :4896 :error: {'email': [ErrorDetail(string='Enter a valid email address.', code='invalid')], 'password': [ErrorDetail(string='This field is required.', code='required')]} 
